make --dry-run --always-make --keep-going --print-directory
make: Entering directory `/Users/waboutzo/Desktop/minishell_'
cc  -Wall -Wextra -Werror -I /Users/waboutzo/.brew/opt/readline/include -g -fsanitize=address -I include -c src/libft_tools/ft_atoi.c -o src/libft_tools/ft_atoi.o
 
cc  -Wall -Wextra -Werror -I /Users/waboutzo/.brew/opt/readline/include -g -fsanitize=address -I include -c src/libft_tools/ft_isalpha.c -o src/libft_tools/ft_isalpha.o
cc  -Wall -Wextra -Werror -I /Users/waboutzo/.brew/opt/readline/include -g -fsanitize=address -I include -c src/libft_tools/ft_lstadd_back.c -o src/libft_tools/ft_lstadd_back.o
cc  -Wall -Wextra -Werror -I /Users/waboutzo/.brew/opt/readline/include -g -fsanitize=address -I include -c src/libft_tools/ft_lstdelone.c -o src/libft_tools/ft_lstdelone.o
cc  -Wall -Wextra -Werror -I /Users/waboutzo/.brew/opt/readline/include -g -fsanitize=address -I include -c src/libft_tools/ft_lstsize.c -o src/libft_tools/ft_lstsize.o
cc  -Wall -Wextra -Werror -I /Users/waboutzo/.brew/opt/readline/include -g -fsanitize=address -I include -c src/libft_tools/ft_strcat.c -o src/libft_tools/ft_strcat.o
cc  -Wall -Wextra -Werror -I /Users/waboutzo/.brew/opt/readline/include -g -fsanitize=address -I include -c src/libft_tools/ft_strdup.c -o src/libft_tools/ft_strdup.o
cc  -Wall -Wextra -Werror -I /Users/waboutzo/.brew/opt/readline/include -g -fsanitize=address -I include -c src/libft_tools/ft_isdigit.c -o src/libft_tools/ft_isdigit.o
cc  -Wall -Wextra -Werror -I /Users/waboutzo/.brew/opt/readline/include -g -fsanitize=address -I include -c src/libft_tools/ft_lstadd_front.c -o src/libft_tools/ft_lstadd_front.o
cc  -Wall -Wextra -Werror -I /Users/waboutzo/.brew/opt/readline/include -g -fsanitize=address -I include -c src/libft_tools/ft_lstlast.c -o src/libft_tools/ft_lstlast.o
cc  -Wall -Wextra -Werror -I /Users/waboutzo/.brew/opt/readline/include -g -fsanitize=address -I include -c src/libft_tools/ft_realloc.c -o src/libft_tools/ft_realloc.o
cc  -Wall -Wextra -Werror -I /Users/waboutzo/.brew/opt/readline/include -g -fsanitize=address -I include -c src/libft_tools/ft_strchr.c -o src/libft_tools/ft_strchr.o
cc  -Wall -Wextra -Werror -I /Users/waboutzo/.brew/opt/readline/include -g -fsanitize=address -I include -c src/libft_tools/ft_strjoin.c -o src/libft_tools/ft_strjoin.o
 
cc  -Wall -Wextra -Werror -I /Users/waboutzo/.brew/opt/readline/include -g -fsanitize=address -I include -c src/libft_tools/ft_strncmp.c -o src/libft_tools/ft_strncmp.o
cc  -Wall -Wextra -Werror -I /Users/waboutzo/.brew/opt/readline/include -g -fsanitize=address -I include -c src/libft_tools/ft_calloc.c -o src/libft_tools/ft_calloc.o
cc  -Wall -Wextra -Werror -I /Users/waboutzo/.brew/opt/readline/include -g -fsanitize=address -I include -c src/libft_tools/ft_itoa.c -o src/libft_tools/ft_itoa.o
cc  -Wall -Wextra -Werror -I /Users/waboutzo/.brew/opt/readline/include -g -fsanitize=address -I include -c src/libft_tools/ft_lstclear.c -o src/libft_tools/ft_lstclear.o
cc  -Wall -Wextra -Werror -I /Users/waboutzo/.brew/opt/readline/include -g -fsanitize=address -I include -c src/libft_tools/ft_lstnew.c -o src/libft_tools/ft_lstnew.o
cc  -Wall -Wextra -Werror -I /Users/waboutzo/.brew/opt/readline/include -g -fsanitize=address -I include -c src/libft_tools/ft_split.c -o src/libft_tools/ft_split.o
cc  -Wall -Wextra -Werror -I /Users/waboutzo/.brew/opt/readline/include -g -fsanitize=address -I include -c src/libft_tools/ft_strcmp.c -o src/libft_tools/ft_strcmp.o
cc  -Wall -Wextra -Werror -I /Users/waboutzo/.brew/opt/readline/include -g -fsanitize=address -I include -c src/libft_tools/ft_strlen.c -o src/libft_tools/ft_strlen.o
cc  -Wall -Wextra -Werror -I /Users/waboutzo/.brew/opt/readline/include -g -fsanitize=address -I include -c src/libft_tools/ft_substr.c -o src/libft_tools/ft_substr.o
cc  -Wall -Wextra -Werror -I /Users/waboutzo/.brew/opt/readline/include -g -fsanitize=address -I include -c src/execution/built_ins.c -o src/execution/built_ins.o
cc  -Wall -Wextra -Werror -I /Users/waboutzo/.brew/opt/readline/include -g -fsanitize=address -I include -c src/execution/execute_single_command.c -o src/execution/execute_single_command.o
cc  -Wall -Wextra -Werror -I /Users/waboutzo/.brew/opt/readline/include -g -fsanitize=address -I include -c src/execution/execution_tools.c -o src/execution/execution_tools.o
 
cc  -Wall -Wextra -Werror -I /Users/waboutzo/.brew/opt/readline/include -g -fsanitize=address -I include -c src/execution/exit_code.c -o src/execution/exit_code.o
cc  -Wall -Wextra -Werror -I /Users/waboutzo/.brew/opt/readline/include -g -fsanitize=address -I include -c src/execution/my_envp.c -o src/execution/my_envp.o
cc  -Wall -Wextra -Werror -I /Users/waboutzo/.brew/opt/readline/include -g -fsanitize=address -I include -c src/execution/execute.c -o src/execution/execute.o
cc  -Wall -Wextra -Werror -I /Users/waboutzo/.brew/opt/readline/include -g -fsanitize=address -I include -c src/execution/execution_multi_commands.c -o src/execution/execution_multi_commands.o
cc  -Wall -Wextra -Werror -I /Users/waboutzo/.brew/opt/readline/include -g -fsanitize=address -I include -c src/execution/exit.c -o src/execution/exit.o
cc  -Wall -Wextra -Werror -I /Users/waboutzo/.brew/opt/readline/include -g -fsanitize=address -I include -c src/execution/export.c -o src/execution/export.o
cc  -Wall -Wextra -Werror -I /Users/waboutzo/.brew/opt/readline/include -g -fsanitize=address -I include -c src/execution/unset.c -o src/execution/unset.o
cc  -Wall -Wextra -Werror -I /Users/waboutzo/.brew/opt/readline/include -g -fsanitize=address -I include -c src/parsing/advanced_split.c -o src/parsing/advanced_split.o
cc  -Wall -Wextra -Werror -I /Users/waboutzo/.brew/opt/readline/include -g -fsanitize=address -I include -c src/parsing/dollar_parsing.c -o src/parsing/dollar_parsing.o
cc  -Wall -Wextra -Werror -I /Users/waboutzo/.brew/opt/readline/include -g -fsanitize=address -I include -c src/parsing/lexer2.c -o src/parsing/lexer2.o
cc  -Wall -Wextra -Werror -I /Users/waboutzo/.brew/opt/readline/include -g -fsanitize=address -I include -c src/parsing/print_function.c -o src/parsing/print_function.o
cc  -Wall -Wextra -Werror -I /Users/waboutzo/.brew/opt/readline/include -g -fsanitize=address -I include -c src/parsing/token.c -o src/parsing/token.o
cc  -Wall -Wextra -Werror -I /Users/waboutzo/.brew/opt/readline/include -g -fsanitize=address -I include -c src/parsing/cmd.c -o src/parsing/cmd.o
cc  -Wall -Wextra -Werror -I /Users/waboutzo/.brew/opt/readline/include -g -fsanitize=address -I include -c src/parsing/get_important_data.c -o src/parsing/get_important_data.o
cc  -Wall -Wextra -Werror -I /Users/waboutzo/.brew/opt/readline/include -g -fsanitize=address -I include -c src/parsing/parsing.c -o src/parsing/parsing.o
cc  -Wall -Wextra -Werror -I /Users/waboutzo/.brew/opt/readline/include -g -fsanitize=address -I include -c src/parsing/quotes_parsing.c -o src/parsing/quotes_parsing.o
cc  -Wall -Wextra -Werror -I /Users/waboutzo/.brew/opt/readline/include -g -fsanitize=address -I include -c src/parsing/delimiter_parsing.c -o src/parsing/delimiter_parsing.o
cc  -Wall -Wextra -Werror -I /Users/waboutzo/.brew/opt/readline/include -g -fsanitize=address -I include -c src/parsing/lexer.c -o src/parsing/lexer.o
cc  -Wall -Wextra -Werror -I /Users/waboutzo/.brew/opt/readline/include -g -fsanitize=address -I include -c src/parsing/parsing_.c -o src/parsing/parsing_.o
 
cc  -Wall -Wextra -Werror -I /Users/waboutzo/.brew/opt/readline/include -g -fsanitize=address -I include -c src/parsing/redirection_file.c -o src/parsing/redirection_file.o
cc  -Wall -Wextra -Werror -I /Users/waboutzo/.brew/opt/readline/include -g -fsanitize=address -I include -c src/free_node.c -o src/free_node.o
cc  -Wall -Wextra -Werror -I /Users/waboutzo/.brew/opt/readline/include -g -fsanitize=address src/libft_tools/ft_atoi.o src/libft_tools/ft_isalpha.o src/libft_tools/ft_lstadd_back.o src/libft_tools/ft_lstdelone.o src/libft_tools/ft_lstsize.o src/libft_tools/ft_strcat.o src/libft_tools/ft_strdup.o src/libft_tools/ft_isdigit.o src/libft_tools/ft_lstadd_front.o src/libft_tools/ft_lstlast.o src/libft_tools/ft_realloc.o src/libft_tools/ft_strchr.o src/libft_tools/ft_strjoin.o src/libft_tools/ft_strncmp.o src/libft_tools/ft_calloc.o src/libft_tools/ft_itoa.o src/libft_tools/ft_lstclear.o src/libft_tools/ft_lstnew.o src/libft_tools/ft_split.o src/libft_tools/ft_strcmp.o src/libft_tools/ft_strlen.o src/libft_tools/ft_substr.o src/execution/built_ins.o src/execution/execute_single_command.o src/execution/execution_tools.o src/execution/exit_code.o src/execution/my_envp.o src/execution/execute.o src/execution/execution_multi_commands.o src/execution/exit.o src/execution/export.o src/execution/unset.o src/parsing/advanced_split.o src/parsing/dollar_parsing.o src/parsing/lexer2.o src/parsing/print_function.o src/parsing/token.o src/parsing/cmd.o src/parsing/get_important_data.o src/parsing/parsing.o src/parsing/quotes_parsing.o src/parsing/delimiter_parsing.o src/parsing/lexer.o src/parsing/parsing_.o src/parsing/redirection_file.o src/free_node.o -I include main.c -L /Users/waboutzo/.brew/opt/readline/lib  -lreadline  -o minishell
make: Leaving directory `/Users/waboutzo/Desktop/minishell_'
 
