make all --print-data-base --no-builtin-variables --no-builtin-rules --question
# GNU Make 3.81
# Copyright (C) 2006  Free Software Foundation, Inc.
# This is free software; see the source for copying conditions.
# There is NO warranty; not even for MERCHANTABILITY or FITNESS FOR A
# PARTICULAR PURPOSE.

# This program built for i386-apple-darwin11.3.0
 

# Make data base, printed on Tue Aug  9 12:24:52 2022

# Variables

# automatic
<D = $(patsubst %/,%,$(dir $<))
# automatic
?F = $(notdir $?)
# makefile (from `Makefile', line 19)
OBJ = $(SRCS:.c=.o)
# automatic
?D = $(patsubst %/,%,$(dir $?))
# automatic
@D = $(patsubst %/,%,$(dir $@))
# automatic
@F = $(notdir $@)
# makefile
CURDIR := /Users/waboutzo/Desktop/mini
# makefile
SHELL = /bin/sh
# makefile (from `Makefile', line 15)
RM = rm -rf
# environment
 
VSCODE_NLS_CONFIG = {"locale":"en-us","availableLanguages":{},"_languagePackSupport":true}
# environment
_ = /usr/bin/make
# makefile (from `Makefile', line 18)
CFLAGS = -Wall -Wextra -Werror -I /Users/${USER}/.brew/opt/readline/include -g -fsanitize=address
# makefile (from `Makefile', line 1)
MAKEFILE_LIST :=  Makefile
# makefile (from `Makefile', line 40)
SRCS = $(addsuffix .c, $(addprefix src/libft/, $(LIBFT))) $(addsuffix .c, $(addprefix src/execution/, $(ECECUTION))) $(addsuffix .c, $(addprefix src/parsing/, $(PARSING))) $(addsuffix .c, $(addprefix src/lexer_tokens/, $(LEXER))) $(addsuffix .c, $(addprefix src/built_ins/, $(BUILT_INS))) $(addsuffix .c, $(addprefix src/tools/, $(TOOLS)))
# environment
VSCODE_CWD = /
# environment
Apple_PubSub_Socket_Render = /private/tmp/com.apple.launchd.KV1F9kOBte/Render
# environment
PATH = /Users/waboutzo/.brew/bin:/usr/local/bin:/usr/bin:/bin:/usr/sbin:/sbin:/usr/local/munki
# makefile (from `Makefile', line 16)
MYDIR = objects_files
# environment
LSCOLORS = Gxfxcxdxbxegedabagacad
# environment
ELECTRON_RUN_AS_NODE = 1
# default
.FEATURES := target-specific order-only second-expansion else-if archives jobserver check-symlink
# makefile (from `Makefile', line 36)
PARSING = dollar_parsing quotes_parsing redirection_file get_important_data parsing delimiter_parsing parsing_ 
# environment
SSH_AUTH_SOCK = /private/tmp/com.apple.launchd.wDqr0nzHSX/Listeners
# automatic
%F = $(notdir $%)
# environment
HOMEBREW_TEMP = /tmp/waboutzo/Homebrew/Temp
# environment
PWD = /Users/waboutzo/Desktop/mini
# environment
ORIGINAL_XDG_CURRENT_DESKTOP = undefined
# environment
VSCODE_AMD_ENTRYPOINT = vs/workbench/api/node/extensionHostProcess
# environment
HOME = /Users/waboutzo
# default
MAKEFILEPATH := /Applications/Xcode.app/Contents/Developer/Makefiles
# environment
VSCODE_CODE_CACHE_PATH = /Users/waboutzo/Library/Application Support/Code/CachedData/b06ae3b2d2dbfe28bca3134cc6be65935cdfea6a
# environment
LOGNAME = waboutzo
# environment
APPLICATION_INSIGHTS_NO_DIAGNOSTIC_CHANNEL = 1
# environment
ZSH = /Users/waboutzo/.oh-my-zsh
# environment
VSCODE_HANDLES_UNCAUGHT_ERRORS = true
# automatic
^D = $(patsubst %/,%,$(dir $^))
# environment
XPC_FLAGS = 0x0
# default
MAKE = $(MAKE_COMMAND)
# default
MAKECMDGOALS := all
# environment
HOMEBREW_CACHE = /tmp/waboutzo/Homebrew/Caches
# environment
SHLVL = 1
# makefile (from `Makefile', line 32)
LIBFT = ft_atoi ft_isalpha ft_lstadd_back ft_lstdelone ft_lstsize ft_strcat ft_strdup ft_isdigit ft_lstadd_front ft_lstlast ft_strchr ft_strjoin ft_strncmp ft_calloc ft_itoa ft_lstclear ft_lstnew ft_split ft_strcmp ft_strlen ft_substr 
# makefile (from `Makefile', line 17)
CC = cc
# default
MAKE_VERSION := 3.81
# environment
USER = waboutzo
# makefile
.DEFAULT_GOAL := all
# makefile (from `Makefile', line 13)
NAME = minishell
# environment
LESS = -R
# automatic
%D = $(patsubst %/,%,$(dir $%))
# makefile (from `Makefile', line 27)
ECECUTION = execute_single_command execution_tools execute execution_multi_commands exit_code
# default
MAKE_COMMAND := /Applications/Xcode.app/Contents/Developer/usr/bin/make
# makefile (from `Makefile', line 14)
INC = -I include
# default
.VARIABLES := 
# environment
TMPDIR = /var/folders/zz/zyxvpxvq6csfxvn_n0000hr8000462/T/
# automatic
